#
# There is insufficient memory for the Java Runtime Environment to continue.
# Native memory allocation (mmap) failed to map 65536 bytes for Failed to commit metaspace.
# Possible reasons:
#   The system is out of physical RAM or swap space
#   The process is running with CompressedOops enabled, and the Java Heap may be blocking the growth of the native heap
# Possible solutions:
#   Reduce memory load on the system
#   Increase physical memory or swap space
#   Check if swap backing store is full
#   Decrease Java heap size (-Xmx/-Xms)
#   Decrease number of Java threads
#   Decrease Java thread stack sizes (-Xss)
#   Set larger code cache with -XX:ReservedCodeCacheSize=
#   JVM is running with Unscaled Compressed Oops mode in which the Java heap is
#     placed in the first 4GB address space. The Java Heap base address is the
#     maximum limit for the native heap growth. Please use -XX:HeapBaseMinAddress
#     to set the Java Heap base and to place the Java Heap above 4GB virtual address.
# This output file may be truncated or incomplete.
#
#  Out of Memory Error (virtualSpaceNode.cpp:110), pid=45872, tid=33268
#
# JRE version: OpenJDK Runtime Environment Temurin-17.0.4.1+1 (17.0.4.1+1) (build 17.0.4.1+1)
# Java VM: OpenJDK 64-Bit Server VM Temurin-17.0.4.1+1 (17.0.4.1+1, mixed mode, emulated-client, tiered, compressed oops, compressed class ptrs, g1 gc, windows-amd64)
# No core dump will be written. Minidumps are not enabled by default on client versions of Windows
#

---------------  S U M M A R Y ------------

Command Line: -Dcom.sun.management.jmxremote -Dcom.sun.management.jmxremote.port=59694 -Dcom.sun.management.jmxremote.authenticate=false -Dcom.sun.management.jmxremote.ssl=false -Djava.rmi.server.hostname=localhost -Dspring.jmx.enabled=true -Dspring.application.admin.enabled=true -XX:TieredStopAtLevel=1 -Dspring.boot.project.name=LojadeGames -Dfile.encoding=UTF-8 -XX:+ShowCodeDetailsInExceptionMessages org.generation.lojadegames.LojadeGamesApplication --spring.output.ansi.enabled=always

Host: Intel(R) Core(TM) i3-10110U CPU @ 2.10GHz, 4 cores, 3G,  Windows 11 , 64 bit Build 22000 (10.0.22000.1335)
Time: Fri Feb  3 08:58:13 2023 Hora oficial do Brasil elapsed time: 2.460170 seconds (0d 0h 0m 2s)

---------------  T H R E A D  ---------------

Current thread (0x0000018b56713f80):  JavaThread "main" [_thread_in_vm, id=33268, stack(0x0000000c92900000,0x0000000c92a00000)]

Stack: [0x0000000c92900000,0x0000000c92a00000]
Native frames: (J=compiled Java code, j=interpreted, Vv=VM code, C=native code)
V  [jvm.dll+0x67731a]
V  [jvm.dll+0x832284]
V  [jvm.dll+0x833a2e]
V  [jvm.dll+0x834093]
V  [jvm.dll+0x245775]
V  [jvm.dll+0x82e22b]
V  [jvm.dll+0x61bdf6]
V  [jvm.dll+0x61be5a]
V  [jvm.dll+0x61e67a]
V  [jvm.dll+0x61c796]
V  [jvm.dll+0x23b260]
V  [jvm.dll+0x1eafbd]
V  [jvm.dll+0x1e09f1]
V  [jvm.dll+0x53c910]
V  [jvm.dll+0x1f11e7]
V  [jvm.dll+0x7ac56b]
V  [jvm.dll+0x7ad912]
V  [jvm.dll+0x7adc48]
V  [jvm.dll+0x23db7e]
V  [jvm.dll+0x37f29e]
C  0x0000018b59d99a6e

Java frames: (J=compiled Java code, j=interpreted, Vv=VM code)
j  sun.management.jmxremote.LocalRMIServerSocketFactory.createServerSocket(I)Ljava/net/ServerSocket;+0 jdk.management.agent@17.0.4.1
j  sun.rmi.transport.tcp.TCPEndpoint.newServerSocket()Ljava/net/ServerSocket;+45 java.rmi@17.0.4.1
j  sun.rmi.transport.tcp.TCPTransport.listen()V+67 java.rmi@17.0.4.1
j  sun.rmi.transport.tcp.TCPTransport.exportObject(Lsun/rmi/transport/Target;)V+5 java.rmi@17.0.4.1
j  sun.rmi.transport.tcp.TCPEndpoint.exportObject(Lsun/rmi/transport/Target;)V+5 java.rmi@17.0.4.1
j  sun.rmi.transport.LiveRef.exportObject(Lsun/rmi/transport/Target;)V+5 java.rmi@17.0.4.1
j  sun.rmi.server.UnicastServerRef.exportObject(Ljava/rmi/Remote;Ljava/lang/Object;Z)Ljava/rmi/Remote;+78 java.rmi@17.0.4.1
j  sun.management.jmxremote.ConnectorBootstrap$PermanentExporter.exportObject(Ljava/rmi/Remote;ILjava/rmi/server/RMIClientSocketFactory;Ljava/rmi/server/RMIServerSocketFactory;Ljava/io/ObjectInputFilter;)Ljava/rmi/Remote;+82 jdk.management.agent@17.0.4.1
j  javax.management.remote.rmi.RMIJRMPServerImpl.export(Ljava/rmi/Remote;Ljava/io/ObjectInputFilter;)V+62 java.management.rmi@17.0.4.1
j  javax.management.remote.rmi.RMIJRMPServerImpl.export()V+6 java.management.rmi@17.0.4.1
j  javax.management.remote.rmi.RMIConnectorServer.start()V+257 java.management.rmi@17.0.4.1
j  sun.management.jmxremote.ConnectorBootstrap.startLocalConnectorServer()Ljavax/management/remote/JMXConnectorServer;+290 jdk.management.agent@17.0.4.1
j  jdk.internal.agent.Agent.startLocalManagementAgent()V+13 jdk.management.agent@17.0.4.1
j  jdk.internal.agent.Agent.startAgent(Ljava/util/Properties;)V+58 jdk.management.agent@17.0.4.1
j  jdk.internal.agent.Agent.startAgent()V+20 jdk.management.agent@17.0.4.1
v  ~StubRoutines::call_stub

---------------  P R O C E S S  ---------------

Threads class SMR info:
_java_thread_list=0x0000018b627a7fd0, length=14, elements={
0x0000018b56713f80, 0x0000018b614f7240, 0x0000018b614f7f80, 0x0000018b61513350,
0x0000018b61513c10, 0x0000018b615144d0, 0x0000018b61514d90, 0x0000018b61515650,
0x0000018b62013a90, 0x0000018b620a64f0, 0x0000018b620ee610, 0x0000018b621f9c10,
0x0000018b627166d0, 0x0000018b62716ba0
}

Java Threads: ( => current thread )
=>0x0000018b56713f80 JavaThread "main" [_thread_in_vm, id=33268, stack(0x0000000c92900000,0x0000000c92a00000)]
  0x0000018b614f7240 JavaThread "Reference Handler" daemon [_thread_blocked, id=52716, stack(0x0000000c93000000,0x0000000c93100000)]
  0x0000018b614f7f80 JavaThread "Finalizer" daemon [_thread_blocked, id=39684, stack(0x0000000c93100000,0x0000000c93200000)]
  0x0000018b61513350 JavaThread "Signal Dispatcher" daemon [_thread_blocked, id=2580, stack(0x0000000c93200000,0x0000000c93300000)]
  0x0000018b61513c10 JavaThread "Attach Listener" daemon [_thread_blocked, id=49940, stack(0x0000000c93300000,0x0000000c93400000)]
  0x0000018b615144d0 JavaThread "Service Thread" daemon [_thread_blocked, id=49084, stack(0x0000000c93400000,0x0000000c93500000)]
  0x0000018b61514d90 JavaThread "Monitor Deflation Thread" daemon [_thread_blocked, id=39888, stack(0x0000000c93500000,0x0000000c93600000)]
  0x0000018b61515650 JavaThread "C1 CompilerThread0" daemon [_thread_blocked, id=52724, stack(0x0000000c93600000,0x0000000c93700000)]
  0x0000018b62013a90 JavaThread "Sweeper thread" daemon [_thread_blocked, id=26888, stack(0x0000000c93700000,0x0000000c93800000)]
  0x0000018b620a64f0 JavaThread "Common-Cleaner" daemon [_thread_blocked, id=51988, stack(0x0000000c93800000,0x0000000c93900000)]
  0x0000018b620ee610 JavaThread "C1 CompilerThread1" daemon [_thread_blocked, id=48208, stack(0x0000000c93900000,0x0000000c93a00000)]
  0x0000018b621f9c10 JavaThread "Notification Thread" daemon [_thread_blocked, id=1900, stack(0x0000000c93a00000,0x0000000c93b00000)]
  0x0000018b627166d0 JavaThread "RMI TCP Accept-0" daemon [_thread_in_native, id=44816, stack(0x0000000c93b00000,0x0000000c93c00000)]
  0x0000018b62716ba0 JavaThread "RMI TCP Accept-59694" daemon [_thread_in_native, id=48644, stack(0x0000000c93c00000,0x0000000c93d00000)]

Other Threads:
  0x0000018b61529b20 VMThread "VM Thread" [stack: 0x0000000c92f00000,0x0000000c93000000] [id=39840]
  0x0000018b567507a0 GCTaskThread "GC Thread#0" [stack: 0x0000000c92a00000,0x0000000c92b00000] [id=51000]
  0x0000018b567590f0 ConcurrentGCThread "G1 Main Marker" [stack: 0x0000000c92b00000,0x0000000c92c00000] [id=40508]
  0x0000018b56759a10 ConcurrentGCThread "G1 Conc#0" [stack: 0x0000000c92c00000,0x0000000c92d00000] [id=53908]
  0x0000018b5678d810 ConcurrentGCThread "G1 Refine#0" [stack: 0x0000000c92d00000,0x0000000c92e00000] [id=7728]
  0x0000018b5678dfe0 ConcurrentGCThread "G1 Service" [stack: 0x0000000c92e00000,0x0000000c92f00000] [id=43660]

Threads with active compile tasks:

VM state: not at safepoint (normal execution)

VM Mutex/Monitor currently owned by a thread:  ([mutex/lock_event])
[0x0000018b56711ae0] Metaspace_lock - owner thread: 0x0000018b56713f80

Heap address: 0x00000000c2800000, size: 984 MB, Compressed Oops mode: 32-bit

CDS archive(s) not mapped
Compressed class space mapped at: 0x0000000100000000-0x0000000140000000, reserved size: 1073741824
Narrow klass base: 0x0000000000000000, Narrow klass shift: 3, Narrow klass range: 0x140000000

GC Precious Log:
 CPUs: 4 total, 4 available
 Memory: 3930M
 Large Page Support: Disabled
 NUMA Support: Disabled
 Compressed Oops: Enabled (32-bit)
 Heap Region Size: 1M
 Heap Min Capacity: 8M
 Heap Initial Capacity: 62M
 Heap Max Capacity: 984M
 Pre-touch: Disabled
 Parallel Workers: 4
 Concurrent Workers: 1
 Concurrent Refinement Workers: 4
 Periodic GC: Disabled

Heap:
 garbage-first heap   total 63488K, used 10240K [0x00000000c2800000, 0x0000000100000000)
  region size 1024K, 11 young (11264K), 0 survivors (0K)
 Metaspace       used 12274K, committed 12416K, reserved 1064960K
  class space    used 1250K, committed 1344K, reserved 1048576K

Heap Regions: E=young(eden), S=young(survivor), O=old, HS=humongous(starts), HC=humongous(continues), CS=collection set, F=free, OA=open archive, CA=closed archive, TAMS=top-at-mark-start (previous, next)
|   0|0x00000000c2800000, 0x00000000c2900000, 0x00000000c2900000|100%|HS|  |TAMS 0x00000000c2800000, 0x00000000c2800000| Complete 
|   1|0x00000000c2900000, 0x00000000c2900000, 0x00000000c2a00000|  0%| F|  |TAMS 0x00000000c2900000, 0x00000000c2900000| Untracked 
|   2|0x00000000c2a00000, 0x00000000c2a00000, 0x00000000c2b00000|  0%| F|  |TAMS 0x00000000c2a00000, 0x00000000c2a00000| Untracked 
|   3|0x00000000c2b00000, 0x00000000c2b00000, 0x00000000c2c00000|  0%| F|  |TAMS 0x00000000c2b00000, 0x00000000c2b00000| Untracked 
|   4|0x00000000c2c00000, 0x00000000c2c00000, 0x00000000c2d00000|  0%| F|  |TAMS 0x00000000c2c00000, 0x00000000c2c00000| Untracked 
|   5|0x00000000c2d00000, 0x00000000c2d00000, 0x00000000c2e00000|  0%| F|  |TAMS 0x00000000c2d00000, 0x00000000c2d00000| Untracked 
|   6|0x00000000c2e00000, 0x00000000c2e00000, 0x00000000c2f00000|  0%| F|  |TAMS 0x00000000c2e00000, 0x00000000c2e00000| Untracked 
|   7|0x00000000c2f00000, 0x00000000c2f00000, 0x00000000c3000000|  0%| F|  |TAMS 0x00000000c2f00000, 0x00000000c2f00000| Untracked 
|   8|0x00000000c3000000, 0x00000000c3000000, 0x00000000c3100000|  0%| F|  |TAMS 0x00000000c3000000, 0x00000000c3000000| Untracked 
|   9|0x00000000c3100000, 0x00000000c3100000, 0x00000000c3200000|  0%| F|  |TAMS 0x00000000c3100000, 0x00000000c3100000| Untracked 
|  10|0x00000000c3200000, 0x00000000c3200000, 0x00000000c3300000|  0%| F|  |TAMS 0x00000000c3200000, 0x00000000c3200000| Untracked 
|  11|0x00000000c3300000, 0x00000000c3300000, 0x00000000c3400000|  0%| F|  |TAMS 0x00000000c3300000, 0x00000000c3300000| Untracked 
|  12|0x00000000c3400000, 0x00000000c3400000, 0x00000000c3500000|  0%| F|  |TAMS 0x00000000c3400000, 0x00000000c3400000| Untracked 
|  13|0x00000000c3500000, 0x00000000c3500000, 0x00000000c3600000|  0%| F|  |TAMS 0x00000000c3500000, 0x00000000c3500000| Untracked 
|  14|0x00000000c3600000, 0x00000000c3600000, 0x00000000c3700000|  0%| F|  |TAMS 0x00000000c3600000, 0x00000000c3600000| Untracked 
|  15|0x00000000c3700000, 0x00000000c3700000, 0x00000000c3800000|  0%| F|  |TAMS 0x00000000c3700000, 0x00000000c3700000| Untracked 
|  16|0x00000000c3800000, 0x00000000c3800000, 0x00000000c3900000|  0%| F|  |TAMS 0x00000000c3800000, 0x00000000c3800000| Untracked 
|  17|0x00000000c3900000, 0x00000000c3900000, 0x00000000c3a00000|  0%| F|  |TAMS 0x00000000c3900000, 0x00000000c3900000| Untracked 
|  18|0x00000000c3a00000, 0x00000000c3a00000, 0x00000000c3b00000|  0%| F|  |TAMS 0x00000000c3a00000, 0x00000000c3a00000| Untracked 
|  19|0x00000000c3b00000, 0x00000000c3b00000, 0x00000000c3c00000|  0%| F|  |TAMS 0x00000000c3b00000, 0x00000000c3b00000| Untracked 
|  20|0x00000000c3c00000, 0x00000000c3c00000, 0x00000000c3d00000|  0%| F|  |TAMS 0x00000000c3c00000, 0x00000000c3c00000| Untracked 
|  21|0x00000000c3d00000, 0x00000000c3d00000, 0x00000000c3e00000|  0%| F|  |TAMS 0x00000000c3d00000, 0x00000000c3d00000| Untracked 
|  22|0x00000000c3e00000, 0x00000000c3e00000, 0x00000000c3f00000|  0%| F|  |TAMS 0x00000000c3e00000, 0x00000000c3e00000| Untracked 
|  23|0x00000000c3f00000, 0x00000000c3f00000, 0x00000000c4000000|  0%| F|  |TAMS 0x00000000c3f00000, 0x00000000c3f00000| Untracked 
|  24|0x00000000c4000000, 0x00000000c4000000, 0x00000000c4100000|  0%| F|  |TAMS 0x00000000c4000000, 0x00000000c4000000| Untracked 
|  25|0x00000000c4100000, 0x00000000c4100000, 0x00000000c4200000|  0%| F|  |TAMS 0x00000000c4100000, 0x00000000c4100000| Untracked 
|  26|0x00000000c4200000, 0x00000000c4200000, 0x00000000c4300000|  0%| F|  |TAMS 0x00000000c4200000, 0x00000000c4200000| Untracked 
|  27|0x00000000c4300000, 0x00000000c4300000, 0x00000000c4400000|  0%| F|  |TAMS 0x00000000c4300000, 0x00000000c4300000| Untracked 
|  28|0x00000000c4400000, 0x00000000c4400000, 0x00000000c4500000|  0%| F|  |TAMS 0x00000000c4400000, 0x00000000c4400000| Untracked 
|  29|0x00000000c4500000, 0x00000000c4500000, 0x00000000c4600000|  0%| F|  |TAMS 0x00000000c4500000, 0x00000000c4500000| Untracked 
|  30|0x00000000c4600000, 0x00000000c4600000, 0x00000000c4700000|  0%| F|  |TAMS 0x00000000c4600000, 0x00000000c4600000| Untracked 
|  31|0x00000000c4700000, 0x00000000c4700000, 0x00000000c4800000|  0%| F|  |TAMS 0x00000000c4700000, 0x00000000c4700000| Untracked 
|  32|0x00000000c4800000, 0x00000000c4800000, 0x00000000c4900000|  0%| F|  |TAMS 0x00000000c4800000, 0x00000000c4800000| Untracked 
|  33|0x00000000c4900000, 0x00000000c4900000, 0x00000000c4a00000|  0%| F|  |TAMS 0x00000000c4900000, 0x00000000c4900000| Untracked 
|  34|0x00000000c4a00000, 0x00000000c4a00000, 0x00000000c4b00000|  0%| F|  |TAMS 0x00000000c4a00000, 0x00000000c4a00000| Untracked 
|  35|0x00000000c4b00000, 0x00000000c4b00000, 0x00000000c4c00000|  0%| F|  |TAMS 0x00000000c4b00000, 0x00000000c4b00000| Untracked 
|  36|0x00000000c4c00000, 0x00000000c4c00000, 0x00000000c4d00000|  0%| F|  |TAMS 0x00000000c4c00000, 0x00000000c4c00000| Untracked 
|  37|0x00000000c4d00000, 0x00000000c4d00000, 0x00000000c4e00000|  0%| F|  |TAMS 0x00000000c4d00000, 0x00000000c4d00000| Untracked 
|  38|0x00000000c4e00000, 0x00000000c4e00000, 0x00000000c4f00000|  0%| F|  |TAMS 0x00000000c4e00000, 0x00000000c4e00000| Untracked 
|  39|0x00000000c4f00000, 0x00000000c4f00000, 0x00000000c5000000|  0%| F|  |TAMS 0x00000000c4f00000, 0x00000000c4f00000| Untracked 
|  40|0x00000000c5000000, 0x00000000c5000000, 0x00000000c5100000|  0%| F|  |TAMS 0x00000000c5000000, 0x00000000c5000000| Untracked 
|  41|0x00000000c5100000, 0x00000000c5100000, 0x00000000c5200000|  0%| F|  |TAMS 0x00000000c5100000, 0x00000000c5100000| Untracked 
|  42|0x00000000c5200000, 0x00000000c5200000, 0x00000000c5300000|  0%| F|  |TAMS 0x00000000c5200000, 0x00000000c5200000| Untracked 
|  43|0x00000000c5300000, 0x00000000c5300000, 0x00000000c5400000|  0%| F|  |TAMS 0x00000000c5300000, 0x00000000c5300000| Untracked 
|  44|0x00000000c5400000, 0x00000000c5400000, 0x00000000c5500000|  0%| F|  |TAMS 0x00000000c5400000, 0x00000000c5400000| Untracked 
|  45|0x00000000c5500000, 0x00000000c5500000, 0x00000000c5600000|  0%| F|  |TAMS 0x00000000c5500000, 0x00000000c5500000| Untracked 
|  46|0x00000000c5600000, 0x00000000c5600000, 0x00000000c5700000|  0%| F|  |TAMS 0x00000000c5600000, 0x00000000c5600000| Untracked 
|  47|0x00000000c5700000, 0x00000000c5700000, 0x00000000c5800000|  0%| F|  |TAMS 0x00000000c5700000, 0x00000000c5700000| Untracked 
|  48|0x00000000c5800000, 0x00000000c5800000, 0x00000000c5900000|  0%| F|  |TAMS 0x00000000c5800000, 0x00000000c5800000| Untracked 
|  49|0x00000000c5900000, 0x00000000c5900000, 0x00000000c5a00000|  0%| F|  |TAMS 0x00000000c5900000, 0x00000000c5900000| Untracked 
|  50|0x00000000c5a00000, 0x00000000c5a00000, 0x00000000c5b00000|  0%| F|  |TAMS 0x00000000c5a00000, 0x00000000c5a00000| Untracked 
|  51|0x00000000c5b00000, 0x00000000c5bca3c8, 0x00000000c5c00000| 78%| E|  |TAMS 0x00000000c5b00000, 0x00000000c5b00000| Complete 
|  52|0x00000000c5c00000, 0x00000000c5d00000, 0x00000000c5d00000|100%| E|CS|TAMS 0x00000000c5c00000, 0x00000000c5c00000| Complete 
|  53|0x00000000c5d00000, 0x00000000c5e00000, 0x00000000c5e00000|100%| E|CS|TAMS 0x00000000c5d00000, 0x00000000c5d00000| Complete 
|  54|0x00000000c5e00000, 0x00000000c5f00000, 0x00000000c5f00000|100%| E|CS|TAMS 0x00000000c5e00000, 0x00000000c5e00000| Complete 
|  55|0x00000000c5f00000, 0x00000000c6000000, 0x00000000c6000000|100%| E|CS|TAMS 0x00000000c5f00000, 0x00000000c5f00000| Complete 
|  56|0x00000000c6000000, 0x00000000c6100000, 0x00000000c6100000|100%| E|CS|TAMS 0x00000000c6000000, 0x00000000c6000000| Complete 
|  57|0x00000000c6100000, 0x00000000c6200000, 0x00000000c6200000|100%| E|CS|TAMS 0x00000000c6100000, 0x00000000c6100000| Complete 
|  58|0x00000000c6200000, 0x00000000c6300000, 0x00000000c6300000|100%| E|CS|TAMS 0x00000000c6200000, 0x00000000c6200000| Complete 
|  59|0x00000000c6300000, 0x00000000c6400000, 0x00000000c6400000|100%| E|  |TAMS 0x00000000c6300000, 0x00000000c6300000| Complete 
|  60|0x00000000c6400000, 0x00000000c6500000, 0x00000000c6500000|100%| E|CS|TAMS 0x00000000c6400000, 0x00000000c6400000| Complete 
|  61|0x00000000c6500000, 0x00000000c6600000, 0x00000000c6600000|100%| E|CS|TAMS 0x00000000c6500000, 0x00000000c6500000| Complete 

Card table byte_map: [0x0000018b5cd80000,0x0000018b5cf70000] _byte_map_base: 0x0000018b5c76c000

Marking Bits (Prev, Next): (CMBitMap*) 0x0000018b56750cc0, (CMBitMap*) 0x0000018b56750d00
 Prev Bits: [0x0000018b5d160000, 0x0000018b5e0c0000)
 Next Bits: [0x0000018b5e0c0000, 0x0000018b5f020000)

Polling page: 0x0000018b540a0000

Metaspace:

Usage:
  Non-class:     10.77 MB used.
      Class:      1.22 MB used.
       Both:     11.99 MB used.

Virtual space:
  Non-class space:       16.00 MB reserved,      10.81 MB ( 68%) committed,  2 nodes.
      Class space:        1.00 GB reserved,       1.31 MB ( <1%) committed,  1 nodes.
             Both:        1.02 GB reserved,      12.12 MB (  1%) committed. 

Chunk freelists:
   Non-Class:  981.00 KB
       Class:  2.73 MB
        Both:  3.69 MB

MaxMetaspaceSize: unlimited
CompressedClassSpaceSize: 1.00 GB
Initial GC threshold: 21.00 MB
Current GC threshold: 21.00 MB
CDS: off
MetaspaceReclaimPolicy: balanced
 - commit_granule_bytes: 65536.
 - commit_granule_words: 8192.
 - virtual_space_node_default_size: 1048576.
 - enlarge_chunks_in_place: 1.
 - new_chunks_are_fully_committed: 0.
 - uncommit_free_chunks: 1.
 - use_allocation_guard: 0.
 - handle_deallocations: 1.


Internal statistics:

num_allocs_failed_limit: 0.
num_arena_births: 94.
num_arena_deaths: 0.
num_vsnodes_births: 3.
num_vsnodes_deaths: 0.
num_space_committed: 194.
num_space_uncommitted: 0.
num_chunks_returned_to_freelist: 0.
num_chunks_taken_from_freelist: 146.
num_chunk_merges: 0.
num_chunk_splits: 80.
num_chunks_enlarged: 37.
num_purges: 0.
num_inconsistent_stats: 0.

CodeCache: size=49152Kb used=2839Kb max_used=2839Kb free=46312Kb
 bounds [0x0000018b59d80000, 0x0000018b5a050000, 0x0000018b5cd80000]
 total_blobs=1306 nmethods=877 adapters=356
 compilation: enabled
              stopped_count=0, restarted_count=0
 full_count=0

Compilation events (20 events):
Event: 2.424 Thread 0x0000018b620ee610  866       1       jdk.internal.org.objectweb.asm.SymbolTable::addTypeInternal (85 bytes)
Event: 2.424 Thread 0x0000018b620ee610 nmethod 866 0x0000018b5a03fe90 code [0x0000018b5a040060, 0x0000018b5a0404f8]
Event: 2.424 Thread 0x0000018b61515650  867   !   1       java.lang.invoke.MemberName::getFieldType (176 bytes)
Event: 2.425 Thread 0x0000018b61515650 nmethod 867 0x0000018b5a040690 code [0x0000018b5a0408e0, 0x0000018b5a0410d8]
Event: 2.430 Thread 0x0000018b620ee610  868       1       jdk.internal.org.objectweb.asm.Type::<init> (26 bytes)
Event: 2.430 Thread 0x0000018b620ee610 nmethod 868 0x0000018b5a041590 code [0x0000018b5a041720, 0x0000018b5a041838]
Event: 2.430 Thread 0x0000018b620ee610  869       1       java.lang.invoke.LambdaFormBuffer::ownedCount (7 bytes)
Event: 2.430 Thread 0x0000018b620ee610 nmethod 869 0x0000018b5a041890 code [0x0000018b5a041a20, 0x0000018b5a041af8]
Event: 2.430 Thread 0x0000018b61515650  870       1       java.lang.invoke.LambdaForm$Name::replaceNames (175 bytes)
Event: 2.431 Thread 0x0000018b61515650 nmethod 870 0x0000018b5a041b90 code [0x0000018b5a041d80, 0x0000018b5a042278]
Event: 2.431 Thread 0x0000018b61515650  871       1       jdk.internal.org.objectweb.asm.Type::getReturnTypeOffset (64 bytes)
Event: 2.432 Thread 0x0000018b61515650 nmethod 871 0x0000018b5a042590 code [0x0000018b5a0427a0, 0x0000018b5a042d78]
Event: 2.443 Thread 0x0000018b620ee610  874       1       java.util.jar.JarFile::getJarEntry (9 bytes)
Event: 2.443 Thread 0x0000018b61515650  875       1       java.util.jar.JarFile::getEntry (35 bytes)
Event: 2.443 Thread 0x0000018b61515650 nmethod 875 0x0000018b5a043810 code [0x0000018b5a0439e0, 0x0000018b5a043bf8]
Event: 2.443 Thread 0x0000018b620ee610 nmethod 874 0x0000018b5a043d10 code [0x0000018b5a043ee0, 0x0000018b5a0440b8]
Event: 2.443 Thread 0x0000018b620ee610  876   !   1       java.util.jar.JarFile::isMultiRelease (33 bytes)
Event: 2.444 Thread 0x0000018b620ee610 nmethod 876 0x0000018b5a044210 code [0x0000018b5a0443a0, 0x0000018b5a044508]
Event: 2.444 Thread 0x0000018b61515650  877  s!   1       jdk.internal.loader.URLClassPath::getLoader (194 bytes)
Event: 2.445 Thread 0x0000018b61515650 nmethod 877 0x0000018b5a044590 code [0x0000018b5a044860, 0x0000018b5a045428]

GC Heap History (0 events):
No events

Deoptimization events (0 events):
No events

Classes unloaded (0 events):
No events

Classes redefined (0 events):
No events

Internal exceptions (11 events):
Event: 1.493 Thread 0x0000018b56713f80 Exception <a 'java/lang/NoSuchMethodError'{0x00000000c60d0810}: 'java.lang.Object java.lang.invoke.DirectMethodHandle$Holder.invokeStaticInit(java.lang.Object)'> (0x00000000c60d0810) 
thrown [s\src\hotspot\share\interpreter\linkResolver.cpp, line 759]
Event: 1.549 Thread 0x0000018b56713f80 Exception <a 'java/lang/NoSuchMethodError'{0x00000000c60ec558}: 'int java.lang.invoke.DirectMethodHandle$Holder.invokeInterface(java.lang.Object, java.lang.Object)'> (0x00000000c60ec558) 
thrown [s\src\hotspot\share\interpreter\linkResolver.cpp, line 759]
Event: 1.550 Thread 0x0000018b56713f80 Exception <a 'java/lang/IncompatibleClassChangeError'{0x00000000c60efb58}: Found class java.lang.Object, but interface was expected> (0x00000000c60efb58) 
thrown [s\src\hotspot\share\interpreter\linkResolver.cpp, line 826]
Event: 1.551 Thread 0x0000018b56713f80 Exception <a 'java/lang/NoSuchMethodError'{0x00000000c60f5708}: 'void java.lang.invoke.DirectMethodHandle$Holder.invokeStatic(java.lang.Object, java.lang.Object)'> (0x00000000c60f5708) 
thrown [s\src\hotspot\share\interpreter\linkResolver.cpp, line 759]
Event: 1.639 Thread 0x0000018b56713f80 Exception <a 'java/lang/NoSuchMethodError'{0x00000000c5fc3680}: 'int java.lang.invoke.DirectMethodHandle$Holder.invokeSpecial(java.lang.Object, java.lang.Object, java.lang.Object)'> (0x00000000c5fc3680) 
thrown [s\src\hotspot\share\interpreter\linkResolver.cpp, line 759]
Event: 1.757 Thread 0x0000018b56713f80 Exception <a 'java/lang/NoSuchMethodError'{0x00000000c5ecd9a0}: 'void java.lang.invoke.DirectMethodHandle$Holder.invokeStatic(java.lang.Object, java.lang.Object, java.lang.Object)'> (0x00000000c5ecd9a0) 
thrown [s\src\hotspot\share\interpreter\linkResolver.cpp, line 759]
Event: 1.881 Thread 0x0000018b56713f80 Exception <a 'java/lang/NoSuchMethodError'{0x00000000c5d18190}: 'int java.lang.invoke.DirectMethodHandle$Holder.invokeSpecialIFC(java.lang.Object, java.lang.Object, java.lang.Object)'> (0x00000000c5d18190) 
thrown [s\src\hotspot\share\interpreter\linkResolver.cpp, line 759]
Event: 1.958 Thread 0x0000018b56713f80 Exception <a 'java/lang/NoSuchMethodError'{0x00000000c5d8e0b8}: 'java.lang.Object java.lang.invoke.DirectMethodHandle$Holder.invokeStaticInit(java.lang.Object, int, int, int, int)'> (0x00000000c5d8e0b8) 
thrown [s\src\hotspot\share\interpreter\linkResolver.cpp, line 759]
Event: 2.227 Thread 0x0000018b56713f80 Exception <a 'java/lang/NoSuchMethodError'{0x00000000c5c45fd8}: 'java.lang.Object java.lang.invoke.DirectMethodHandle$Holder.invokeStaticInit(java.lang.Object, java.lang.Object, int, int, int, int)'> (0x00000000c5c45fd8) 
thrown [s\src\hotspot\share\interpreter\linkResolver.cpp, line 759]
Event: 2.251 Thread 0x0000018b56713f80 Exception <a 'java/lang/ClassNotFoundException'{0x00000000c5c61728}: javax/management/remote/rmi/RMIServerImpl_Skel> (0x00000000c5c61728) 
thrown [s\src\hotspot\share\classfile\systemDictionary.cpp, line 256]
Event: 2.406 Thread 0x0000018b56713f80 Exception <a 'java/lang/ClassNotFoundException'{0x00000000c5b64bd8}: jdk/internal/agent/resources/spi/agentProvider> (0x00000000c5b64bd8) 
thrown [s\src\hotspot\share\classfile\systemDictionary.cpp, line 256]

VM Operations (10 events):
Event: 1.166 Executing VM operation: HandshakeAllThreads
Event: 1.166 Executing VM operation: HandshakeAllThreads done
Event: 1.821 Executing VM operation: HandshakeAllThreads
Event: 1.821 Executing VM operation: HandshakeAllThreads done
Event: 1.821 Executing VM operation: Cleanup
Event: 1.821 Executing VM operation: Cleanup done
Event: 1.928 Executing VM operation: HandshakeAllThreads
Event: 1.928 Executing VM operation: HandshakeAllThreads done
Event: 2.250 Executing VM operation: HandshakeAllThreads
Event: 2.250 Executing VM operation: HandshakeAllThreads done

Events (20 events):
Event: 2.414 loading class java/text/MessageFormat done
Event: 2.414 loading class java/text/FieldPosition
Event: 2.415 loading class java/text/FieldPosition done
Event: 2.415 loading class java/text/MessageFormat$Field
Event: 2.415 loading class java/text/Format$Field
Event: 2.415 loading class java/text/AttributedCharacterIterator$Attribute
Event: 2.415 loading class java/text/AttributedCharacterIterator$Attribute done
Event: 2.415 loading class java/text/Format$Field done
Event: 2.415 loading class java/text/MessageFormat$Field done
Event: 2.416 loading class jdk/internal/agent/ConnectorAddressLink
Event: 2.416 loading class jdk/internal/agent/ConnectorAddressLink done
Event: 2.433 loading class sun/management/counter/Units
Event: 2.433 loading class sun/management/counter/Units done
Event: 2.433 loading class jdk/internal/agent/ConnectorAddressLink$PerfHandle
Event: 2.434 loading class jdk/internal/agent/ConnectorAddressLink$PerfHandle done
Event: 2.434 loading class jdk/internal/vm/VMSupport
Event: 2.434 loading class jdk/internal/vm/VMSupport done
Event: 2.440 loading class sun/management/jmxremote/LocalRMIServerSocketFactory
Event: 2.441 loading class sun/management/jmxremote/LocalRMIServerSocketFactory done
Event: 2.446 loading class sun/management/jmxremote/LocalRMIServerSocketFactory$1


Dynamic libraries:
0x00007ff7005e0000 - 0x00007ff7005ee000 	C:\Program Files\sts-4.16.1.RELEASE\plugins\org.eclipse.justj.openjdk.hotspot.jre.full.win32.x86_64_17.0.4.v20221004-1257\jre\bin\javaw.exe
0x00007ffc77460000 - 0x00007ffc77669000 	C:\Windows\SYSTEM32\ntdll.dll
0x00007ffc75d00000 - 0x00007ffc75dbe000 	C:\Windows\System32\KERNEL32.DLL
0x00007ffc74a00000 - 0x00007ffc74d7b000 	C:\Windows\System32\KERNELBASE.dll
0x00007ffc74d80000 - 0x00007ffc74e91000 	C:\Windows\System32\ucrtbase.dll
0x00007ffc2d5b0000 - 0x00007ffc2d5c8000 	C:\Program Files\sts-4.16.1.RELEASE\plugins\org.eclipse.justj.openjdk.hotspot.jre.full.win32.x86_64_17.0.4.v20221004-1257\jre\bin\jli.dll
0x00007ffc76050000 - 0x00007ffc761fd000 	C:\Windows\System32\USER32.dll
0x00007ffc749d0000 - 0x00007ffc749f6000 	C:\Windows\System32\win32u.dll
0x00007ffc76930000 - 0x00007ffc76959000 	C:\Windows\System32\GDI32.dll
0x00007ffc74ea0000 - 0x00007ffc74fb8000 	C:\Windows\System32\gdi32full.dll
0x00007ffc74930000 - 0x00007ffc749cd000 	C:\Windows\System32\msvcp_win.dll
0x00007ffc2d590000 - 0x00007ffc2d5a9000 	C:\Program Files\sts-4.16.1.RELEASE\plugins\org.eclipse.justj.openjdk.hotspot.jre.full.win32.x86_64_17.0.4.v20221004-1257\jre\bin\VCRUNTIME140.dll
0x00007ffc5d310000 - 0x00007ffc5d5b5000 	C:\Windows\WinSxS\amd64_microsoft.windows.common-controls_6595b64144ccf1df_6.0.22000.120_none_9d947278b86cc467\COMCTL32.dll
0x00007ffc76970000 - 0x00007ffc76a13000 	C:\Windows\System32\msvcrt.dll
0x00007ffc76a20000 - 0x00007ffc76a52000 	C:\Windows\System32\IMM32.DLL
0x0000000180000000 - 0x000000018000c000 	C:\Program Files (x86)\Baidu Security\Baidu Antivirus\Bavnt64.dll
0x0000018b558f0000 - 0x0000018b55a51000 	C:\Program Files (x86)\Baidu Security\Baidu Antivirus\bavum64.dll
0x00007ffc75dc0000 - 0x00007ffc75e6e000 	C:\Windows\System32\ADVAPI32.dll
0x00007ffc76420000 - 0x00007ffc764be000 	C:\Windows\System32\sechost.dll
0x00007ffc77300000 - 0x00007ffc77420000 	C:\Windows\System32\RPCRT4.dll
0x00007ffc76a60000 - 0x00007ffc77217000 	C:\Windows\System32\SHELL32.dll
0x00007ffc76200000 - 0x00007ffc7639a000 	C:\Windows\System32\ole32.dll
0x00007ffc734e0000 - 0x00007ffc7350d000 	C:\Windows\SYSTEM32\IPHLPAPI.DLL
0x00007ffc757e0000 - 0x00007ffc75b58000 	C:\Windows\System32\combase.dll
0x00007ffc77220000 - 0x00007ffc772f6000 	C:\Windows\System32\OLEAUT32.dll
0x00007ffc754e0000 - 0x00007ffc7553d000 	C:\Windows\System32\SHLWAPI.dll
0x00007ffc752f0000 - 0x00007ffc7535f000 	C:\Windows\System32\WS2_32.dll
0x00007ffc752e0000 - 0x00007ffc752e8000 	C:\Windows\System32\PSAPI.DLL
0x00007ffc442b0000 - 0x00007ffc44319000 	C:\Windows\SYSTEM32\OLEACC.dll
0x00007ffc71020000 - 0x00007ffc71034000 	C:\Windows\SYSTEM32\WTSAPI32.dll
0x00007ffc73f40000 - 0x00007ffc73f69000 	C:\Windows\SYSTEM32\USERENV.dll
0x00007ffc66330000 - 0x00007ffc6633a000 	C:\Windows\SYSTEM32\VERSION.dll
0x00007ffc5b7d0000 - 0x00007ffc5bccb000 	C:\Windows\SYSTEM32\WININET.dll
0x00007ffc3d330000 - 0x00007ffc3d33c000 	C:\Program Files\sts-4.16.1.RELEASE\plugins\org.eclipse.justj.openjdk.hotspot.jre.full.win32.x86_64_17.0.4.v20221004-1257\jre\bin\vcruntime140_1.dll
0x00007ffbfe620000 - 0x00007ffbfe6b1000 	C:\Program Files\sts-4.16.1.RELEASE\plugins\org.eclipse.justj.openjdk.hotspot.jre.full.win32.x86_64_17.0.4.v20221004-1257\jre\bin\msvcp140.dll
0x00007ffbfb950000 - 0x00007ffbfc596000 	C:\Program Files\sts-4.16.1.RELEASE\plugins\org.eclipse.justj.openjdk.hotspot.jre.full.win32.x86_64_17.0.4.v20221004-1257\jre\bin\server\jvm.dll
0x00007ffc5cce0000 - 0x00007ffc5cce9000 	C:\Windows\SYSTEM32\WSOCK32.dll
0x00007ffc6e960000 - 0x00007ffc6e993000 	C:\Windows\SYSTEM32\WINMM.dll
0x00007ffc739b0000 - 0x00007ffc739c8000 	C:\Windows\SYSTEM32\kernel.appcore.dll
0x00007ffc71be0000 - 0x00007ffc71bea000 	C:\Program Files\sts-4.16.1.RELEASE\plugins\org.eclipse.justj.openjdk.hotspot.jre.full.win32.x86_64_17.0.4.v20221004-1257\jre\bin\jimage.dll
0x00007ffc675e0000 - 0x00007ffc67801000 	C:\Windows\SYSTEM32\DBGHELP.DLL
0x00007ffc5d5c0000 - 0x00007ffc5d5f1000 	C:\Windows\SYSTEM32\dbgcore.DLL
0x00007ffc751f0000 - 0x00007ffc7526f000 	C:\Windows\System32\bcryptPrimitives.dll
0x00007ffc71040000 - 0x00007ffc71065000 	C:\Program Files\sts-4.16.1.RELEASE\plugins\org.eclipse.justj.openjdk.hotspot.jre.full.win32.x86_64_17.0.4.v20221004-1257\jre\bin\java.dll
0x00007ffc413c0000 - 0x00007ffc413d8000 	C:\Program Files\sts-4.16.1.RELEASE\plugins\org.eclipse.justj.openjdk.hotspot.jre.full.win32.x86_64_17.0.4.v20221004-1257\jre\bin\zip.dll
0x00007ffc72a20000 - 0x00007ffc73285000 	C:\Windows\SYSTEM32\windows.storage.dll
0x00007ffc728b0000 - 0x00007ffc72a16000 	C:\Windows\SYSTEM32\wintypes.dll
0x00007ffc75630000 - 0x00007ffc7571a000 	C:\Windows\System32\SHCORE.dll
0x00007ffc74860000 - 0x00007ffc74881000 	C:\Windows\SYSTEM32\profapi.dll
0x00007ffc12d20000 - 0x00007ffc12d39000 	C:\Program Files\sts-4.16.1.RELEASE\plugins\org.eclipse.justj.openjdk.hotspot.jre.full.win32.x86_64_17.0.4.v20221004-1257\jre\bin\net.dll
0x00007ffc6d3f0000 - 0x00007ffc6d504000 	C:\Windows\SYSTEM32\WINHTTP.dll
0x00007ffc73e50000 - 0x00007ffc73eb7000 	C:\Windows\system32\mswsock.dll
0x00007ffc12c20000 - 0x00007ffc12c35000 	C:\Program Files\sts-4.16.1.RELEASE\plugins\org.eclipse.justj.openjdk.hotspot.jre.full.win32.x86_64_17.0.4.v20221004-1257\jre\bin\nio.dll
0x00007ffc655a0000 - 0x00007ffc655a9000 	C:\Program Files\sts-4.16.1.RELEASE\plugins\org.eclipse.justj.openjdk.hotspot.jre.full.win32.x86_64_17.0.4.v20221004-1257\jre\bin\management.dll
0x00007ffc5d760000 - 0x00007ffc5d76b000 	C:\Program Files\sts-4.16.1.RELEASE\plugins\org.eclipse.justj.openjdk.hotspot.jre.full.win32.x86_64_17.0.4.v20221004-1257\jre\bin\management_ext.dll
0x00007ffc4e7c0000 - 0x00007ffc4e7d7000 	C:\Windows\system32\napinsp.dll
0x00007ffc4e2f0000 - 0x00007ffc4e30b000 	C:\Windows\system32\pnrpnsp.dll
0x00007ffc73550000 - 0x00007ffc73638000 	C:\Windows\SYSTEM32\DNSAPI.dll
0x00007ffc75e70000 - 0x00007ffc75e79000 	C:\Windows\System32\NSI.dll
0x00007ffc4e320000 - 0x00007ffc4e332000 	C:\Windows\System32\winrnr.dll
0x00007ffc66630000 - 0x00007ffc66645000 	C:\Windows\system32\wshbth.dll
0x00007ffc4e2d0000 - 0x00007ffc4e2ef000 	C:\Windows\system32\nlansp_c.dll
0x00007ffc65e40000 - 0x00007ffc65e4a000 	C:\Windows\System32\rasadhlp.dll
0x00007ffc67180000 - 0x00007ffc67201000 	C:\Windows\System32\fwpuclnt.dll
0x00007ffc74090000 - 0x00007ffc740a8000 	C:\Windows\SYSTEM32\CRYPTSP.dll
0x00007ffc73910000 - 0x00007ffc73945000 	C:\Windows\system32\rsaenh.dll
0x00007ffc74220000 - 0x00007ffc74247000 	C:\Windows\SYSTEM32\bcrypt.dll
0x00007ffc740b0000 - 0x00007ffc740bc000 	C:\Windows\SYSTEM32\CRYPTBASE.dll
0x00007ffc6d030000 - 0x00007ffc6d049000 	C:\Windows\SYSTEM32\dhcpcsvc6.DLL
0x00007ffc6d610000 - 0x00007ffc6d62e000 	C:\Windows\SYSTEM32\dhcpcsvc.DLL

dbghelp: loaded successfully - version: 4.0.5 - missing functions: none
symbol engine: initialized successfully - sym options: 0x614 - pdb path: .;C:\Program Files\sts-4.16.1.RELEASE\plugins\org.eclipse.justj.openjdk.hotspot.jre.full.win32.x86_64_17.0.4.v20221004-1257\jre\bin;C:\Windows\SYSTEM32;C:\Windows\WinSxS\amd64_microsoft.windows.common-controls_6595b64144ccf1df_6.0.22000.120_none_9d947278b86cc467;C:\Program Files (x86)\Baidu Security\Baidu Antivirus;C:\Program Files\sts-4.16.1.RELEASE\plugins\org.eclipse.justj.openjdk.hotspot.jre.full.win32.x86_64_17.0.4.v20221004-1257\jre\bin\server

VM Arguments:
jvm_args: -Dcom.sun.management.jmxremote -Dcom.sun.management.jmxremote.port=59694 -Dcom.sun.management.jmxremote.authenticate=false -Dcom.sun.management.jmxremote.ssl=false -Djava.rmi.server.hostname=localhost -Dspring.jmx.enabled=true -Dspring.application.admin.enabled=true -XX:TieredStopAtLevel=1 -Dspring.boot.project.name=LojadeGames -Dfile.encoding=UTF-8 -XX:+ShowCodeDetailsInExceptionMessages 
java_command: org.generation.lojadegames.LojadeGamesApplication --spring.output.ansi.enabled=always
java_class_path (initial): C:\Users\tania\Documents\workspace-spring-tool-suite-4-4.16.1.RELEASE\LojadeGames\target\classes;C:\Users\tania\.m2\repository\org\springframework\boot\spring-boot-starter-data-jpa\2.7.8\spring-boot-starter-data-jpa-2.7.8.jar;C:\Users\tania\.m2\repository\org\springframework\boot\spring-boot-starter-aop\2.7.8\spring-boot-starter-aop-2.7.8.jar;C:\Users\tania\.m2\repository\org\springframework\spring-aop\5.3.25\spring-aop-5.3.25.jar;C:\Users\tania\.m2\repository\org\aspectj\aspectjweaver\1.9.7\aspectjweaver-1.9.7.jar;C:\Users\tania\.m2\repository\org\springframework\boot\spring-boot-starter-jdbc\2.7.8\spring-boot-starter-jdbc-2.7.8.jar;C:\Users\tania\.m2\repository\com\zaxxer\HikariCP\4.0.3\HikariCP-4.0.3.jar;C:\Users\tania\.m2\repository\org\springframework\spring-jdbc\5.3.25\spring-jdbc-5.3.25.jar;C:\Users\tania\.m2\repository\jakarta\transaction\jakarta.transaction-api\1.3.3\jakarta.transaction-api-1.3.3.jar;C:\Users\tania\.m2\repository\jakarta\persistence\jakarta.persistence-api\2.2.3\jakarta.persistence-api-2.2.3.jar;C:\Users\tania\.m2\repository\org\hibernate\hibernate-core\5.6.14.Final\hibernate-core-5.6.14.Final.jar;C:\Users\tania\.m2\repository\org\jboss\logging\jboss-logging\3.4.3.Final\jboss-logging-3.4.3.Final.jar;C:\Users\tania\.m2\repository\net\bytebuddy\byte-buddy\1.12.22\byte-buddy-1.12.22.jar;C:\Users\tania\.m2\repository\antlr\antlr\2.7.7\antlr-2.7.7.jar;C:\Users\tania\.m2\repository\org\jboss\jandex\2.4.2.Final\jandex-2.4.2.Final.jar;C:\Users\tania\.m2\repository\com\fasterxml\classmate\1.5.1\classmate-1.5.1.jar;C:\Users\tania\.m2\repository\org\hibernate\common\hibernate-commons-annotations\5.1.2.Final\hibernate-commons-annotations-5.1.2.Final.jar;C:\Users\tania\.m2\repository\org\glassfish\jaxb\jaxb-runtime\2.3.7\jaxb-runtime-2.3.7.jar;C:\Users\tania\.m2\repository\org\glassfish\jaxb\txw2\2.3.7\txw2-2.3.7.jar;C:\Users\tania\.m2\repository\com\sun\istack\istack-commons-runtime\3.0.12\istack-commons-runtime-3.0.12.jar;
Launcher Type: SUN_STANDARD

[Global flags]
     intx CICompilerCount                          = 3                                         {product} {ergonomic}
     uint ConcGCThreads                            = 1                                         {product} {ergonomic}
     uint G1ConcRefinementThreads                  = 4                                         {product} {ergonomic}
   size_t G1HeapRegionSize                         = 1048576                                   {product} {ergonomic}
    uintx GCDrainStackTargetSize                   = 64                                        {product} {ergonomic}
   size_t InitialHeapSize                          = 65011712                                  {product} {ergonomic}
     bool ManagementServer                         = true                                      {product} {command line}
   size_t MarkStackSize                            = 4194304                                   {product} {ergonomic}
   size_t MaxHeapSize                              = 1031798784                                {product} {ergonomic}
   size_t MaxNewSize                               = 618659840                                 {product} {ergonomic}
   size_t MinHeapDeltaBytes                        = 1048576                                   {product} {ergonomic}
   size_t MinHeapSize                              = 8388608                                   {product} {ergonomic}
    uintx NonProfiledCodeHeapSize                  = 0                                      {pd product} {ergonomic}
     bool ProfileInterpreter                       = false                                  {pd product} {command line}
    uintx ProfiledCodeHeapSize                     = 0                                      {pd product} {ergonomic}
     bool ShowCodeDetailsInExceptionMessages       = true                                   {manageable} {command line}
   size_t SoftMaxHeapSize                          = 1031798784                             {manageable} {ergonomic}
     intx TieredStopAtLevel                        = 1                                         {product} {command line}
     bool UseCompressedClassPointers               = true                           {product lp64_product} {ergonomic}
     bool UseCompressedOops                        = true                           {product lp64_product} {ergonomic}
     bool UseG1GC                                  = true                                      {product} {ergonomic}
     bool UseLargePagesIndividualAllocation        = false                                  {pd product} {ergonomic}

Logging:
Log output configuration:
 #0: stdout all=warning uptime,level,tags
 #1: stderr all=off uptime,level,tags

Environment Variables:
JAVA_HOME=C:\Program Files\Java\jdk-17.0.3.1
PATH=C:/Program Files/sts-4.16.1.RELEASE//plugins/org.eclipse.justj.openjdk.hotspot.jre.full.win32.x86_64_17.0.4.v20221004-1257/jre/bin/server;C:/Program Files/sts-4.16.1.RELEASE//plugins/org.eclipse.justj.openjdk.hotspot.jre.full.win32.x86_64_17.0.4.v20221004-1257/jre/bin;C:\Program Files\Common Files\Oracle\Java\javapath;C:\Windows\system32;C:\Windows;C:\Windows\System32\Wbem;C:\Windows\System32\WindowsPowerShell\v1.0\;C:\Windows\System32\OpenSSH\;C:\ProgramData\UNIVALI\Portugol Studio;C:\Program Files\Java\jdk-17.0.3.1;C:\Program Files\Git\cmd;C:\Users\tania\AppData\Local\Microsoft\WindowsApps;C:\Users\tania\AppData\Local\GitHubDesktop\bin;C:\Program Files\sts-4.16.1.RELEASE;
USERNAME=tania
OS=Windows_NT
PROCESSOR_IDENTIFIER=Intel64 Family 6 Model 142 Stepping 12, GenuineIntel
TMP=C:\Users\tania\AppData\Local\Temp
TEMP=C:\Users\tania\AppData\Local\Temp



---------------  S Y S T E M  ---------------

OS:
 Windows 11 , 64 bit Build 22000 (10.0.22000.1335)
OS uptime: 2 days 17:01 hours

CPU: total 4 (initial active 4) (2 cores per cpu, 2 threads per core) family 6 model 142 stepping 12 microcode 0xea, cx8, cmov, fxsr, ht, mmx, 3dnowpref, sse, sse2, sse3, ssse3, sse4.1, sse4.2, popcnt, lzcnt, tsc, tscinvbit, avx, avx2, aes, erms, clmul, bmi1, bmi2, adx, fma, vzeroupper, clflush, clflushopt

Memory: 4k page, system-wide physical 3930M (515M free)
TotalPageFile size 16218M (AvailPageFile size 390M)
current process WorkingSet (physical memory assigned to process): 57M, peak: 57M
current process commit charge ("private bytes"): 136M, peak: 136M

vm_info: OpenJDK 64-Bit Server VM (17.0.4.1+1) for windows-amd64 JRE (17.0.4.1+1), built on Aug 17 2022 07:42:43 by "temurin" with MS VC++ 16.7 (VS2019)

END.
