#
# There is insufficient memory for the Java Runtime Environment to continue.
# Native memory allocation (mmap) failed to map 65011712 bytes for G1 virtual space
# Possible reasons:
#   The system is out of physical RAM or swap space
#   The process is running with CompressedOops enabled, and the Java Heap may be blocking the growth of the native heap
# Possible solutions:
#   Reduce memory load on the system
#   Increase physical memory or swap space
#   Check if swap backing store is full
#   Decrease Java heap size (-Xmx/-Xms)
#   Decrease number of Java threads
#   Decrease Java thread stack sizes (-Xss)
#   Set larger code cache with -XX:ReservedCodeCacheSize=
#   JVM is running with Unscaled Compressed Oops mode in which the Java heap is
#     placed in the first 4GB address space. The Java Heap base address is the
#     maximum limit for the native heap growth. Please use -XX:HeapBaseMinAddress
#     to set the Java Heap base and to place the Java Heap above 4GB virtual address.
# This output file may be truncated or incomplete.
#
#  Out of Memory Error (os_windows.cpp:3541), pid=53284, tid=10532
#
# JRE version:  (17.0.4.1+1) (build )
# Java VM: OpenJDK 64-Bit Server VM (17.0.4.1+1, mixed mode, emulated-client, sharing, tiered, compressed oops, compressed class ptrs, g1 gc, windows-amd64)
# No core dump will be written. Minidumps are not enabled by default on client versions of Windows
#

---------------  S U M M A R Y ------------

Command Line: -Dcom.sun.management.jmxremote -Dcom.sun.management.jmxremote.port=62840 -Dcom.sun.management.jmxremote.authenticate=false -Dcom.sun.management.jmxremote.ssl=false -Djava.rmi.server.hostname=localhost -Dspring.jmx.enabled=true -Dspring.application.admin.enabled=true -XX:TieredStopAtLevel=1 -Dspring.boot.project.name=LojadeGames -Dfile.encoding=UTF-8 -XX:+ShowCodeDetailsInExceptionMessages org.generation.lojadegames.LojadeGamesApplication --spring.output.ansi.enabled=always

Host: Intel(R) Core(TM) i3-10110U CPU @ 2.10GHz, 4 cores, 3G,  Windows 11 , 64 bit Build 22000 (10.0.22000.1335)
Time: Fri Feb  3 08:51:06 2023 Hora oficial do Brasil elapsed time: 0.300444 seconds (0d 0h 0m 0s)

---------------  T H R E A D  ---------------

Current thread (0x000001c573a94430):  JavaThread "Unknown thread" [_thread_in_vm, id=10532, stack(0x000000ae03700000,0x000000ae03800000)]

Stack: [0x000000ae03700000,0x000000ae03800000]
Native frames: (J=compiled Java code, j=interpreted, Vv=VM code, C=native code)
V  [jvm.dll+0x67731a]
V  [jvm.dll+0x832284]
V  [jvm.dll+0x833a2e]
V  [jvm.dll+0x834093]
V  [jvm.dll+0x245775]
V  [jvm.dll+0x674209]
V  [jvm.dll+0x668a92]
V  [jvm.dll+0x30471b]
V  [jvm.dll+0x30bc66]
V  [jvm.dll+0x35ba9e]
V  [jvm.dll+0x35bccf]
V  [jvm.dll+0x2db5b8]
V  [jvm.dll+0x2dc524]
V  [jvm.dll+0x803db1]
V  [jvm.dll+0x3698f1]
V  [jvm.dll+0x7e31bc]
V  [jvm.dll+0x3ec25f]
V  [jvm.dll+0x3edde1]
C  [jli.dll+0x5277]
C  [ucrtbase.dll+0x26c0c]
C  [KERNEL32.DLL+0x155a0]
C  [ntdll.dll+0x485b]


---------------  P R O C E S S  ---------------

Threads class SMR info:
_java_thread_list=0x00007ffbfc464e98, length=0, elements={
}

Java Threads: ( => current thread )

Other Threads:
  0x000001c573ad0470 GCTaskThread "GC Thread#0" [stack: 0x000000ae03800000,0x000000ae03900000] [id=13804]
  0x000001c573ad8dc0 ConcurrentGCThread "G1 Main Marker" [stack: 0x000000ae03900000,0x000000ae03a00000] [id=49196]
  0x000001c573ada080 ConcurrentGCThread "G1 Conc#0" [stack: 0x000000ae03a00000,0x000000ae03b00000] [id=14968]

[error occurred during error reporting (printing all threads), id 0xc0000005, EXCEPTION_ACCESS_VIOLATION (0xc0000005) at pc=0x00007ffbfbc3c047]

VM state: not at safepoint (not fully initialized)

VM Mutex/Monitor currently owned by a thread:  ([mutex/lock_event])
[0x000001c573a900a0] Heap_lock - owner thread: 0x000001c573a94430

Heap address: 0x00000000c2800000, size: 984 MB, Compressed Oops mode: 32-bit

CDS archive(s) mapped at: [0x0000000000000000-0x0000000000000000-0x0000000000000000), size 0, SharedBaseAddress: 0x0000000800000000, ArchiveRelocationMode: 0.
Narrow klass base: 0x0000000000000000, Narrow klass shift: 0, Narrow klass range: 0x0

GC Precious Log:
<Empty>

Heap:
 garbage-first heap   total 0K, used 0K [0x00000000c2800000, 0x0000000100000000)
  region size 1024K, 0 young (0K), 0 survivors (0K)

[error occurred during error reporting (printing heap information), id 0xc0000005, EXCEPTION_ACCESS_VIOLATION (0xc0000005) at pc=0x00007ffbfc020699]

GC Heap History (0 events):
No events

Deoptimization events (0 events):
No events

Classes unloaded (0 events):
No events

Classes redefined (0 events):
No events

Internal exceptions (0 events):
No events

VM Operations (0 events):
No events

Events (1 events):
Event: 0.233 Loaded shared library C:\Program Files\sts-4.16.1.RELEASE\plugins\org.eclipse.justj.openjdk.hotspot.jre.full.win32.x86_64_17.0.4.v20221004-1257\jre\bin\java.dll


Dynamic libraries:
0x00007ff7005e0000 - 0x00007ff7005ee000 	C:\Program Files\sts-4.16.1.RELEASE\plugins\org.eclipse.justj.openjdk.hotspot.jre.full.win32.x86_64_17.0.4.v20221004-1257\jre\bin\javaw.exe
0x00007ffc77460000 - 0x00007ffc77669000 	C:\Windows\SYSTEM32\ntdll.dll
0x00007ffc75d00000 - 0x00007ffc75dbe000 	C:\Windows\System32\KERNEL32.DLL
0x00007ffc74a00000 - 0x00007ffc74d7b000 	C:\Windows\System32\KERNELBASE.dll
0x00007ffc74d80000 - 0x00007ffc74e91000 	C:\Windows\System32\ucrtbase.dll
0x00007ffc2d5b0000 - 0x00007ffc2d5c8000 	C:\Program Files\sts-4.16.1.RELEASE\plugins\org.eclipse.justj.openjdk.hotspot.jre.full.win32.x86_64_17.0.4.v20221004-1257\jre\bin\jli.dll
0x00007ffc76050000 - 0x00007ffc761fd000 	C:\Windows\System32\USER32.dll
0x00007ffc749d0000 - 0x00007ffc749f6000 	C:\Windows\System32\win32u.dll
0x00007ffc76930000 - 0x00007ffc76959000 	C:\Windows\System32\GDI32.dll
0x00007ffc2d590000 - 0x00007ffc2d5a9000 	C:\Program Files\sts-4.16.1.RELEASE\plugins\org.eclipse.justj.openjdk.hotspot.jre.full.win32.x86_64_17.0.4.v20221004-1257\jre\bin\VCRUNTIME140.dll
0x00007ffc74ea0000 - 0x00007ffc74fb8000 	C:\Windows\System32\gdi32full.dll
0x00007ffc5d310000 - 0x00007ffc5d5b5000 	C:\Windows\WinSxS\amd64_microsoft.windows.common-controls_6595b64144ccf1df_6.0.22000.120_none_9d947278b86cc467\COMCTL32.dll
0x00007ffc74930000 - 0x00007ffc749cd000 	C:\Windows\System32\msvcp_win.dll
0x00007ffc76970000 - 0x00007ffc76a13000 	C:\Windows\System32\msvcrt.dll
0x00007ffc76a20000 - 0x00007ffc76a52000 	C:\Windows\System32\IMM32.DLL
0x0000000180000000 - 0x000000018000c000 	C:\Program Files (x86)\Baidu Security\Baidu Antivirus\Bavnt64.dll
0x000001c572b30000 - 0x000001c572c91000 	C:\Program Files (x86)\Baidu Security\Baidu Antivirus\bavum64.dll
0x00007ffc75dc0000 - 0x00007ffc75e6e000 	C:\Windows\System32\ADVAPI32.dll
0x00007ffc76420000 - 0x00007ffc764be000 	C:\Windows\System32\sechost.dll
0x00007ffc77300000 - 0x00007ffc77420000 	C:\Windows\System32\RPCRT4.dll
0x00007ffc734e0000 - 0x00007ffc7350d000 	C:\Windows\SYSTEM32\IPHLPAPI.DLL
0x00007ffc76a60000 - 0x00007ffc77217000 	C:\Windows\System32\SHELL32.dll
0x00007ffc76200000 - 0x00007ffc7639a000 	C:\Windows\System32\ole32.dll
0x00007ffc757e0000 - 0x00007ffc75b58000 	C:\Windows\System32\combase.dll
0x00007ffc77220000 - 0x00007ffc772f6000 	C:\Windows\System32\OLEAUT32.dll
0x00007ffc754e0000 - 0x00007ffc7553d000 	C:\Windows\System32\SHLWAPI.dll
0x00007ffc752f0000 - 0x00007ffc7535f000 	C:\Windows\System32\WS2_32.dll
0x00007ffc752e0000 - 0x00007ffc752e8000 	C:\Windows\System32\PSAPI.DLL
0x00007ffc5b7d0000 - 0x00007ffc5bccb000 	C:\Windows\SYSTEM32\WININET.dll
0x00007ffc66330000 - 0x00007ffc6633a000 	C:\Windows\SYSTEM32\VERSION.dll
0x00007ffc71020000 - 0x00007ffc71034000 	C:\Windows\SYSTEM32\WTSAPI32.dll
0x00007ffc442b0000 - 0x00007ffc44319000 	C:\Windows\SYSTEM32\OLEACC.dll
0x00007ffc73f40000 - 0x00007ffc73f69000 	C:\Windows\SYSTEM32\USERENV.dll
0x00007ffc3d330000 - 0x00007ffc3d33c000 	C:\Program Files\sts-4.16.1.RELEASE\plugins\org.eclipse.justj.openjdk.hotspot.jre.full.win32.x86_64_17.0.4.v20221004-1257\jre\bin\vcruntime140_1.dll
0x00007ffbfe620000 - 0x00007ffbfe6b1000 	C:\Program Files\sts-4.16.1.RELEASE\plugins\org.eclipse.justj.openjdk.hotspot.jre.full.win32.x86_64_17.0.4.v20221004-1257\jre\bin\msvcp140.dll
0x00007ffbfb950000 - 0x00007ffbfc596000 	C:\Program Files\sts-4.16.1.RELEASE\plugins\org.eclipse.justj.openjdk.hotspot.jre.full.win32.x86_64_17.0.4.v20221004-1257\jre\bin\server\jvm.dll
0x00007ffc5cce0000 - 0x00007ffc5cce9000 	C:\Windows\SYSTEM32\WSOCK32.dll
0x00007ffc6e960000 - 0x00007ffc6e993000 	C:\Windows\SYSTEM32\WINMM.dll
0x00007ffc739b0000 - 0x00007ffc739c8000 	C:\Windows\SYSTEM32\kernel.appcore.dll
0x00007ffc71be0000 - 0x00007ffc71bea000 	C:\Program Files\sts-4.16.1.RELEASE\plugins\org.eclipse.justj.openjdk.hotspot.jre.full.win32.x86_64_17.0.4.v20221004-1257\jre\bin\jimage.dll
0x00007ffc675e0000 - 0x00007ffc67801000 	C:\Windows\SYSTEM32\DBGHELP.DLL
0x00007ffc5d5c0000 - 0x00007ffc5d5f1000 	C:\Windows\SYSTEM32\dbgcore.DLL
0x00007ffc751f0000 - 0x00007ffc7526f000 	C:\Windows\System32\bcryptPrimitives.dll
0x00007ffc71040000 - 0x00007ffc71065000 	C:\Program Files\sts-4.16.1.RELEASE\plugins\org.eclipse.justj.openjdk.hotspot.jre.full.win32.x86_64_17.0.4.v20221004-1257\jre\bin\java.dll

dbghelp: loaded successfully - version: 4.0.5 - missing functions: none
symbol engine: initialized successfully - sym options: 0x614 - pdb path: .;C:\Program Files\sts-4.16.1.RELEASE\plugins\org.eclipse.justj.openjdk.hotspot.jre.full.win32.x86_64_17.0.4.v20221004-1257\jre\bin;C:\Windows\SYSTEM32;C:\Windows\WinSxS\amd64_microsoft.windows.common-controls_6595b64144ccf1df_6.0.22000.120_none_9d947278b86cc467;C:\Program Files (x86)\Baidu Security\Baidu Antivirus;C:\Program Files\sts-4.16.1.RELEASE\plugins\org.eclipse.justj.openjdk.hotspot.jre.full.win32.x86_64_17.0.4.v20221004-1257\jre\bin\server

VM Arguments:
jvm_args: -Dcom.sun.management.jmxremote -Dcom.sun.management.jmxremote.port=62840 -Dcom.sun.management.jmxremote.authenticate=false -Dcom.sun.management.jmxremote.ssl=false -Djava.rmi.server.hostname=localhost -Dspring.jmx.enabled=true -Dspring.application.admin.enabled=true -XX:TieredStopAtLevel=1 -Dspring.boot.project.name=LojadeGames -Dfile.encoding=UTF-8 -XX:+ShowCodeDetailsInExceptionMessages 
java_command: org.generation.lojadegames.LojadeGamesApplication --spring.output.ansi.enabled=always
java_class_path (initial): C:\Users\tania\Documents\workspace-spring-tool-suite-4-4.16.1.RELEASE\LojadeGames\target\classes;C:\Users\tania\.m2\repository\org\springframework\boot\spring-boot-starter-data-jpa\2.7.8\spring-boot-starter-data-jpa-2.7.8.jar;C:\Users\tania\.m2\repository\org\springframework\boot\spring-boot-starter-aop\2.7.8\spring-boot-starter-aop-2.7.8.jar;C:\Users\tania\.m2\repository\org\springframework\spring-aop\5.3.25\spring-aop-5.3.25.jar;C:\Users\tania\.m2\repository\org\aspectj\aspectjweaver\1.9.7\aspectjweaver-1.9.7.jar;C:\Users\tania\.m2\repository\org\springframework\boot\spring-boot-starter-jdbc\2.7.8\spring-boot-starter-jdbc-2.7.8.jar;C:\Users\tania\.m2\repository\com\zaxxer\HikariCP\4.0.3\HikariCP-4.0.3.jar;C:\Users\tania\.m2\repository\org\springframework\spring-jdbc\5.3.25\spring-jdbc-5.3.25.jar;C:\Users\tania\.m2\repository\jakarta\transaction\jakarta.transaction-api\1.3.3\jakarta.transaction-api-1.3.3.jar;C:\Users\tania\.m2\repository\jakarta\persistence\jakarta.persistence-api\2.2.3\jakarta.persistence-api-2.2.3.jar;C:\Users\tania\.m2\repository\org\hibernate\hibernate-core\5.6.14.Final\hibernate-core-5.6.14.Final.jar;C:\Users\tania\.m2\repository\org\jboss\logging\jboss-logging\3.4.3.Final\jboss-logging-3.4.3.Final.jar;C:\Users\tania\.m2\repository\net\bytebuddy\byte-buddy\1.12.22\byte-buddy-1.12.22.jar;C:\Users\tania\.m2\repository\antlr\antlr\2.7.7\antlr-2.7.7.jar;C:\Users\tania\.m2\repository\org\jboss\jandex\2.4.2.Final\jandex-2.4.2.Final.jar;C:\Users\tania\.m2\repository\com\fasterxml\classmate\1.5.1\classmate-1.5.1.jar;C:\Users\tania\.m2\repository\org\hibernate\common\hibernate-commons-annotations\5.1.2.Final\hibernate-commons-annotations-5.1.2.Final.jar;C:\Users\tania\.m2\repository\org\glassfish\jaxb\jaxb-runtime\2.3.7\jaxb-runtime-2.3.7.jar;C:\Users\tania\.m2\repository\org\glassfish\jaxb\txw2\2.3.7\txw2-2.3.7.jar;C:\Users\tania\.m2\repository\com\sun\istack\istack-commons-runtime\3.0.12\istack-commons-runtime-3.0.12.jar;
Launcher Type: SUN_STANDARD

[Global flags]
     intx CICompilerCount                          = 3                                         {product} {ergonomic}
     uint ConcGCThreads                            = 1                                         {product} {ergonomic}
     uint G1ConcRefinementThreads                  = 4                                         {product} {ergonomic}
   size_t G1HeapRegionSize                         = 1048576                                   {product} {ergonomic}
    uintx GCDrainStackTargetSize                   = 64                                        {product} {ergonomic}
   size_t InitialHeapSize                          = 65011712                                  {product} {ergonomic}
     bool ManagementServer                         = true                                      {product} {command line}
   size_t MarkStackSize                            = 4194304                                   {product} {ergonomic}
   size_t MaxHeapSize                              = 1031798784                                {product} {ergonomic}
   size_t MinHeapDeltaBytes                        = 1048576                                   {product} {ergonomic}
   size_t MinHeapSize                              = 8388608                                   {product} {ergonomic}
    uintx NonProfiledCodeHeapSize                  = 0                                      {pd product} {ergonomic}
     bool ProfileInterpreter                       = false                                  {pd product} {command line}
    uintx ProfiledCodeHeapSize                     = 0                                      {pd product} {ergonomic}
     bool ShowCodeDetailsInExceptionMessages       = true                                   {manageable} {command line}
   size_t SoftMaxHeapSize                          = 1031798784                             {manageable} {ergonomic}
     intx TieredStopAtLevel                        = 1                                         {product} {command line}
     bool UseCompressedClassPointers               = true                           {product lp64_product} {ergonomic}
     bool UseCompressedOops                        = true                           {product lp64_product} {ergonomic}
     bool UseG1GC                                  = true                                      {product} {ergonomic}
     bool UseLargePagesIndividualAllocation        = false                                  {pd product} {ergonomic}

Logging:
Log output configuration:
 #0: stdout all=warning uptime,level,tags
 #1: stderr all=off uptime,level,tags

Environment Variables:
JAVA_HOME=C:\Program Files\Java\jdk-17.0.3.1
PATH=C:/Program Files/sts-4.16.1.RELEASE//plugins/org.eclipse.justj.openjdk.hotspot.jre.full.win32.x86_64_17.0.4.v20221004-1257/jre/bin/server;C:/Program Files/sts-4.16.1.RELEASE//plugins/org.eclipse.justj.openjdk.hotspot.jre.full.win32.x86_64_17.0.4.v20221004-1257/jre/bin;C:\Program Files\Common Files\Oracle\Java\javapath;C:\Windows\system32;C:\Windows;C:\Windows\System32\Wbem;C:\Windows\System32\WindowsPowerShell\v1.0\;C:\Windows\System32\OpenSSH\;C:\ProgramData\UNIVALI\Portugol Studio;C:\Program Files\Java\jdk-17.0.3.1;C:\Program Files\Git\cmd;C:\Users\tania\AppData\Local\Microsoft\WindowsApps;C:\Users\tania\AppData\Local\GitHubDesktop\bin;C:\Program Files\sts-4.16.1.RELEASE;
USERNAME=tania
OS=Windows_NT
PROCESSOR_IDENTIFIER=Intel64 Family 6 Model 142 Stepping 12, GenuineIntel
TMP=C:\Users\tania\AppData\Local\Temp
TEMP=C:\Users\tania\AppData\Local\Temp



---------------  S Y S T E M  ---------------

OS:
 Windows 11 , 64 bit Build 22000 (10.0.22000.1335)
OS uptime: 2 days 16:54 hours

CPU: total 4 (initial active 4) (2 cores per cpu, 2 threads per core) family 6 model 142 stepping 12 microcode 0xea, cx8, cmov, fxsr, ht, mmx, 3dnowpref, sse, sse2, sse3, ssse3, sse4.1, sse4.2, popcnt, lzcnt, tsc, tscinvbit, avx, avx2, aes, erms, clmul, bmi1, bmi2, adx, fma, vzeroupper, clflush, clflushopt

Memory: 4k page, system-wide physical 3930M (101M free)
TotalPageFile size 16218M (AvailPageFile size 21M)
current process WorkingSet (physical memory assigned to process): 12M, peak: 12M
current process commit charge ("private bytes"): 47M, peak: 109M

vm_info: OpenJDK 64-Bit Server VM (17.0.4.1+1) for windows-amd64 JRE (17.0.4.1+1), built on Aug 17 2022 07:42:43 by "temurin" with MS VC++ 16.7 (VS2019)

END.
